#
# There is insufficient memory for the Java Runtime Environment to continue.
# Native memory allocation (malloc) failed to allocate 32744 bytes for ChunkPool::allocate
# Possible reasons:
#   The system is out of physical RAM or swap space
#   The process is running with CompressedOops enabled, and the Java Heap may be blocking the growth of the native heap
# Possible solutions:
#   Reduce memory load on the system
#   Increase physical memory or swap space
#   Check if swap backing store is full
#   Decrease Java heap size (-Xmx/-Xms)
#   Decrease number of Java threads
#   Decrease Java thread stack sizes (-Xss)
#   Set larger code cache with -XX:ReservedCodeCacheSize=
#   JVM is running with Unscaled Compressed Oops mode in which the Java heap is
#     placed in the first 4GB address space. The Java Heap base address is the
#     maximum limit for the native heap growth. Please use -XX:HeapBaseMinAddress
#     to set the Java Heap base and to place the Java Heap above 4GB virtual address.
# This output file may be truncated or incomplete.
#
#  Out of Memory Error (allocation.cpp:273), pid=5464, tid=0x00000000000006d8
#
# JRE version: Java(TM) SE Runtime Environment (8.0_201-b09) (build 1.8.0_201-b09)
# Java VM: Java HotSpot(TM) 64-Bit Server VM (25.201-b09 mixed mode windows-amd64 compressed oops)
# Failed to write core dump. Minidumps are not enabled by default on client versions of Windows
#

---------------  T H R E A D  ---------------

Current thread (0x0000000015a5c000):  JavaThread "pool-1-thread-1" [_thread_in_vm, id=1752, stack(0x00000000185e0000,0x00000000186e0000)]

Stack: [0x00000000185e0000,0x00000000186e0000]
[error occurred during error reporting (printing stack bounds), id 0xc0000005]

Native frames: (J=compiled Java code, j=interpreted, Vv=VM code, C=native code)

Java frames: (J=compiled Java code, j=interpreted, Vv=VM code)
J 486  java.lang.ClassLoader.defineClass1(Ljava/lang/String;[BIILjava/security/ProtectionDomain;Ljava/lang/String;)Ljava/lang/Class; (0 bytes) @ 0x0000000002e8951f [0x0000000002e89480+0x9f]
J 518 C1 java.lang.ClassLoader.defineClass(Ljava/lang/String;[BIILjava/security/ProtectionDomain;)Ljava/lang/Class; (43 bytes) @ 0x0000000002ea48a4 [0x0000000002ea42c0+0x5e4]
J 410 C1 java.net.URLClassLoader.defineClass(Ljava/lang/String;Lsun/misc/Resource;)Ljava/lang/Class; (142 bytes) @ 0x0000000002e51924 [0x0000000002e4fdc0+0x1b64]
J 363 C1 java.net.URLClassLoader$1.run()Ljava/lang/Class; (63 bytes) @ 0x0000000002e1d66c [0x0000000002e1d3a0+0x2cc]
J 362 C1 java.net.URLClassLoader$1.run()Ljava/lang/Object; (5 bytes) @ 0x0000000002e1dd8c [0x0000000002e1dd00+0x8c]
v  ~StubRoutines::call_stub
J 138  java.security.AccessController.doPrivileged(Ljava/security/PrivilegedExceptionAction;Ljava/security/AccessControlContext;)Ljava/lang/Object; (0 bytes) @ 0x0000000002d7e566 [0x0000000002d7e500+0x66]
J 334 C1 java.net.URLClassLoader.findClass(Ljava/lang/String;)Ljava/lang/Class; (47 bytes) @ 0x0000000002e06444 [0x0000000002e062c0+0x184]
J 1785 C1 java.lang.ClassLoader.loadClass(Ljava/lang/String;Z)Ljava/lang/Class; (122 bytes) @ 0x0000000002d7b214 [0x0000000002d7a840+0x9d4]
J 350 C1 sun.misc.Launcher$AppClassLoader.loadClass(Ljava/lang/String;Z)Ljava/lang/Class; (85 bytes) @ 0x0000000002e12cac [0x0000000002e12300+0x9ac]
J 349 C1 java.lang.ClassLoader.loadClass(Ljava/lang/String;)Ljava/lang/Class; (7 bytes) @ 0x0000000002e1124c [0x0000000002e11140+0x10c]
v  ~StubRoutines::call_stub
j  org.mockito.internal.handler.MockHandlerImpl.<init>(Lorg/mockito/mock/MockCreationSettings;)V+5
j  org.mockito.internal.handler.MockHandlerFactory.create(Lorg/mockito/mock/MockCreationSettings;)Lorg/mockito/internal/InternalMockHandler;+5
j  org.mockito.internal.util.MockUtil.createMock(Lorg/mockito/mock/MockCreationSettings;)Ljava/lang/Object;+8
j  org.mockito.internal.MockitoCore.mock(Ljava/lang/Class;Lorg/mockito/MockSettings;)Ljava/lang/Object;+77
j  org.mockito.Mockito.mock(Ljava/lang/Class;Lorg/mockito/MockSettings;)Ljava/lang/Object;+5
j  org.mockito.Mockito.mock(Ljava/lang/Class;)Ljava/lang/Object;+12
j  net.thucydides.core.steps.BaseStepListener.unavailableTestOutcome()Lnet/thucydides/core/model/TestOutcome;+2
j  net.thucydides.core.steps.BaseStepListener.getCurrentTestOutcome()Lnet/thucydides/core/model/TestOutcome;+5
j  net.thucydides.core.steps.BaseStepListener.recordStepToCurrentTestOutcome(Lnet/thucydides/core/model/TestStep;)V+1
j  net.thucydides.core.steps.BaseStepListener.recordStep(Lnet/thucydides/core/steps/ExecutedStepDescription;)V+47
j  net.thucydides.core.steps.BaseStepListener.stepStarted(Lnet/thucydides/core/steps/ExecutedStepDescription;)V+7
j  net.thucydides.core.steps.BaseStepListener.updateCurrentStepTitle(Ljava/lang/String;)Lnet/thucydides/core/steps/BaseStepListener$StepMutator;+23
j  net.thucydides.core.steps.StepEventBus.updateCurrentStepTitle(Ljava/lang/String;)V+5
j  net.serenitybdd.jbehave.SerenityReporter.ignorable(Ljava/lang/String;)V+8
j  org.jbehave.core.reporters.DelegatingStoryReporter.ignorable(Ljava/lang/String;)V+31
j  org.jbehave.core.reporters.ConcurrentStoryReporter.ignorable(Ljava/lang/String;)V+53
j  org.jbehave.core.steps.AbstractStepResult$Ignorable.describeTo(Lorg/jbehave/core/reporters/StoryReporter;)V+5
j  org.jbehave.core.embedder.PerformableTree$FineSoFar.run(Lorg/jbehave/core/steps/Step;Ljava/util/List;Lorg/jbehave/core/reporters/StoryReporter;Lorg/jbehave/core/failures/UUIDExceptionWrapper;)Lorg/jbehave/core/embedder/PerformableTree$State;+37
j  org.jbehave.core.embedder.PerformableTree$PerformableSteps.perform(Lorg/jbehave/core/embedder/PerformableTree$RunContext;)V+121
j  org.jbehave.core.embedder.PerformableTree$AbstractPerformableScenario.performRestartableSteps(Lorg/jbehave/core/embedder/PerformableTree$RunContext;)V+13
j  org.jbehave.core.embedder.PerformableTree$NormalPerformableScenario.perform(Lorg/jbehave/core/embedder/PerformableTree$RunContext;)V+115
j  org.jbehave.core.embedder.PerformableTree$PerformableScenario.perform(Lorg/jbehave/core/embedder/PerformableTree$RunContext;)V+167
j  org.jbehave.core.embedder.PerformableTree$PerformableStory.performScenarios(Lorg/jbehave/core/embedder/PerformableTree$RunContext;)V+31
j  org.jbehave.core.embedder.PerformableTree$PerformableStory.perform(Lorg/jbehave/core/embedder/PerformableTree$RunContext;)V+121
j  org.jbehave.core.embedder.PerformableTree.performCancellable(Lorg/jbehave/core/embedder/PerformableTree$RunContext;Lorg/jbehave/core/model/Story;)V+52
j  org.jbehave.core.embedder.PerformableTree.perform(Lorg/jbehave/core/embedder/PerformableTree$RunContext;Lorg/jbehave/core/model/Story;)V+5
j  org.jbehave.core.embedder.StoryManager$EnqueuedStory.call()Lorg/jbehave/core/embedder/StoryManager$ThrowableStory;+37
j  org.jbehave.core.embedder.StoryManager$EnqueuedStory.call()Ljava/lang/Object;+1
j  java.util.concurrent.FutureTask.run()V+42
j  java.util.concurrent.ThreadPoolExecutor.runWorker(Ljava/util/concurrent/ThreadPoolExecutor$Worker;)V+95
j  java.util.concurrent.ThreadPoolExecutor$Worker.run()V+5
j  java.lang.Thread.run()V+11
v  ~StubRoutines::call_stub

---------------  P R O C E S S  ---------------

Java Threads: ( => current thread )
=>0x0000000015a5c000 JavaThread "pool-1-thread-1" [_thread_in_vm, id=1752, stack(0x00000000185e0000,0x00000000186e0000)]
  0x0000000016f4e000 JavaThread "ForkJoinPool.commonPool-worker-3" daemon [_thread_blocked, id=1056, stack(0x00000000182e0000,0x00000000183e0000)]
  0x0000000016f4d800 JavaThread "ForkJoinPool.commonPool-worker-2" daemon [_thread_blocked, id=8812, stack(0x00000000181e0000,0x00000000182e0000)]
  0x0000000016f4c800 JavaThread "ForkJoinPool.commonPool-worker-1" daemon [_thread_blocked, id=8244, stack(0x00000000180e0000,0x00000000181e0000)]
  0x0000000015769000 JavaThread "Service Thread" daemon [_thread_blocked, id=10816, stack(0x0000000015e90000,0x0000000015f90000)]
  0x000000001409b000 JavaThread "C1 CompilerThread2" daemon [_thread_blocked, id=3240, stack(0x0000000015d90000,0x0000000015e90000)]
  0x0000000014073800 JavaThread "C2 CompilerThread1" daemon [_thread_in_native, id=10840, stack(0x0000000015c90000,0x0000000015d90000)]
  0x0000000014071000 JavaThread "C2 CompilerThread0" daemon [_thread_in_native, id=8228, stack(0x0000000015b90000,0x0000000015c90000)]
  0x00000000156d3000 JavaThread "Monitor Ctrl-Break" daemon [_thread_in_native, id=8820, stack(0x0000000015a90000,0x0000000015b90000)]
  0x0000000014053000 JavaThread "Attach Listener" daemon [_thread_blocked, id=1760, stack(0x0000000015590000,0x0000000015690000)]
  0x000000001404e000 JavaThread "Signal Dispatcher" daemon [_thread_blocked, id=5596, stack(0x0000000015490000,0x0000000015590000)]
  0x000000001402f800 JavaThread "Finalizer" daemon [_thread_blocked, id=11180, stack(0x0000000015290000,0x0000000015390000)]
  0x0000000014028800 JavaThread "Reference Handler" daemon [_thread_blocked, id=8564, stack(0x0000000015190000,0x0000000015290000)]
  0x000000000299b000 JavaThread "main" [_thread_blocked, id=10152, stack(0x0000000002890000,0x0000000002990000)]

Other Threads:
  0x0000000014007000 VMThread [stack: 0x0000000015090000,0x0000000015190000] [id=3764]
  0x000000001576e000 WatcherThread [stack: 0x0000000015f90000,0x0000000016090000] [id=9336]

VM state:not at safepoint (normal execution)

VM Mutex/Monitor currently owned by a thread: None

heap address: 0x00000000e0000000, size: 512 MB, Compressed Oops mode: 32-bit
Narrow klass base: 0x0000000000000000, Narrow klass shift: 3
Compressed class space size: 1073741824 Address: 0x0000000100000000

Heap:
 PSYoungGen      total 51712K, used 32679K [0x00000000f5580000, 0x00000000f8b80000, 0x0000000100000000)
  eden space 48128K, 60% used [0x00000000f5580000,0x00000000f71ed0e0,0x00000000f8480000)
  from space 3584K, 99% used [0x00000000f8800000,0x00000000f8b7ccb8,0x00000000f8b80000)
  to   space 3584K, 0% used [0x00000000f8480000,0x00000000f8480000,0x00000000f8800000)
 ParOldGen       total 62976K, used 2036K [0x00000000e0000000, 0x00000000e3d80000, 0x00000000f5580000)
  object space 62976K, 3% used [0x00000000e0000000,0x00000000e01fd088,0x00000000e3d80000)
 Metaspace       used 17144K, capacity 17350K, committed 17536K, reserved 1064960K
  class space    used 2068K, capacity 2155K, committed 2176K, reserved 1048576K

Card table byte_map: [0x0000000011fe0000,0x00000000120f0000] byte_map_base: 0x00000000118e0000

Marking Bits: (ParMarkBitMap*) 0x0000000060b04ce0
 Begin Bits: [0x00000000125a0000, 0x0000000012da0000)
 End Bits:   [0x0000000012da0000, 0x00000000135a0000)

Polling page: 0x0000000002850000

CodeCache: size=245760Kb used=5757Kb max_used=5843Kb free=240003Kb
 bounds [0x0000000002c20000, 0x0000000003200000, 0x0000000011c20000]
 total_blobs=2028 nmethods=1653 adapters=287
 compilation: enabled

Compilation events (10 events):
Event: 11.553 Thread 0x000000001409b000 1787       3       java.lang.ClassLoader::findLoadedClass (16 bytes)
Event: 11.553 Thread 0x000000001409b000 nmethod 1787 0x0000000002f38a10 code [0x0000000002f38b80, 0x0000000002f38db8]
Event: 11.558 Thread 0x0000000014071000 1788       4       java.io.WinNTFileSystem::normalize (143 bytes)
Event: 11.559 Thread 0x000000001409b000 1789       3       java.lang.Class$ReflectionData::<init> (10 bytes)
Event: 11.559 Thread 0x000000001409b000 nmethod 1789 0x0000000002f38650 code [0x0000000002f387a0, 0x0000000002f38950]
Event: 11.559 Thread 0x000000001409b000 1790       3       java.lang.Class$Atomic::casReflectionData (13 bytes)
Event: 11.560 Thread 0x000000001409b000 nmethod 1790 0x0000000002f62790 code [0x0000000002f628e0, 0x0000000002f62a50]
Event: 11.575 Thread 0x000000001409b000 1791   !   3       java.lang.ClassLoader::checkCerts (195 bytes)
Event: 11.577 Thread 0x000000001409b000 nmethod 1791 0x0000000002ea1090 code [0x0000000002ea1340, 0x0000000002ea2a18]
Event: 11.584 Thread 0x0000000014073800 1792 % !   4       java.util.concurrent.ConcurrentHashMap::transfer @ 99 (832 bytes)

GC Heap History (8 events):
Event: 5.022 GC heap before
{Heap before GC invocations=1 (full 0):
 PSYoungGen      total 27648K, used 24064K [0x00000000f5580000, 0x00000000f7400000, 0x0000000100000000)
  eden space 24064K, 100% used [0x00000000f5580000,0x00000000f6d00000,0x00000000f6d00000)
  from space 3584K, 0% used [0x00000000f7080000,0x00000000f7080000,0x00000000f7400000)
  to   space 3584K, 0% used [0x00000000f6d00000,0x00000000f6d00000,0x00000000f7080000)
 ParOldGen       total 62976K, used 0K [0x00000000e0000000, 0x00000000e3d80000, 0x00000000f5580000)
  object space 62976K, 0% used [0x00000000e0000000,0x00000000e0000000,0x00000000e3d80000)
 Metaspace       used 6291K, capacity 6624K, committed 6784K, reserved 1056768K
  class space    used 756K, capacity 784K, committed 896K, reserved 1048576K
Event: 5.055 GC heap after
Heap after GC invocations=1 (full 0):
 PSYoungGen      total 27648K, used 3556K [0x00000000f5580000, 0x00000000f7400000, 0x0000000100000000)
  eden space 24064K, 0% used [0x00000000f5580000,0x00000000f5580000,0x00000000f6d00000)
  from space 3584K, 99% used [0x00000000f6d00000,0x00000000f70790c0,0x00000000f7080000)
  to   space 3584K, 0% used [0x00000000f7080000,0x00000000f7080000,0x00000000f7400000)
 ParOldGen       total 62976K, used 116K [0x00000000e0000000, 0x00000000e3d80000, 0x00000000f5580000)
  object space 62976K, 0% used [0x00000000e0000000,0x00000000e001d328,0x00000000e3d80000)
 Metaspace       used 6291K, capacity 6624K, committed 6784K, reserved 1056768K
  class space    used 756K, capacity 784K, committed 896K, reserved 1048576K
}
Event: 6.473 GC heap before
{Heap before GC invocations=2 (full 0):
 PSYoungGen      total 27648K, used 27620K [0x00000000f5580000, 0x00000000f7400000, 0x0000000100000000)
  eden space 24064K, 100% used [0x00000000f5580000,0x00000000f6d00000,0x00000000f6d00000)
  from space 3584K, 99% used [0x00000000f6d00000,0x00000000f70790c0,0x00000000f7080000)
  to   space 3584K, 0% used [0x00000000f7080000,0x00000000f7080000,0x00000000f7400000)
 ParOldGen       total 62976K, used 116K [0x00000000e0000000, 0x00000000e3d80000, 0x00000000f5580000)
  object space 62976K, 0% used [0x00000000e0000000,0x00000000e001d328,0x00000000e3d80000)
 Metaspace       used 9666K, capacity 9814K, committed 9984K, reserved 1058816K
  class space    used 1145K, capacity 1201K, committed 1280K, reserved 1048576K
Event: 6.512 GC heap after
Heap after GC invocations=2 (full 0):
 PSYoungGen      total 27648K, used 3581K [0x00000000f5580000, 0x00000000f8b80000, 0x0000000100000000)
  eden space 24064K, 0% used [0x00000000f5580000,0x00000000f5580000,0x00000000f6d00000)
  from space 3584K, 99% used [0x00000000f7080000,0x00000000f73ff770,0x00000000f7400000)
  to   space 3584K, 0% used [0x00000000f6d00000,0x00000000f6d00000,0x00000000f7080000)
 ParOldGen       total 62976K, used 779K [0x00000000e0000000, 0x00000000e3d80000, 0x00000000f5580000)
  object space 62976K, 1% used [0x00000000e0000000,0x00000000e00c2c98,0x00000000e3d80000)
 Metaspace       used 9666K, capacity 9814K, committed 9984K, reserved 1058816K
  class space    used 1145K, capacity 1201K, committed 1280K, reserved 1048576K
}
Event: 10.055 GC heap before
{Heap before GC invocations=3 (full 0):
 PSYoungGen      total 27648K, used 27645K [0x00000000f5580000, 0x00000000f8b80000, 0x0000000100000000)
  eden space 24064K, 100% used [0x00000000f5580000,0x00000000f6d00000,0x00000000f6d00000)
  from space 3584K, 99% used [0x00000000f7080000,0x00000000f73ff770,0x00000000f7400000)
  to   space 3584K, 0% used [0x00000000f6d00000,0x00000000f6d00000,0x00000000f7080000)
 ParOldGen       total 62976K, used 779K [0x00000000e0000000, 0x00000000e3d80000, 0x00000000f5580000)
  object space 62976K, 1% used [0x00000000e0000000,0x00000000e00c2c98,0x00000000e3d80000)
 Metaspace       used 13009K, capacity 13124K, committed 13440K, reserved 1060864K
  class space    used 1549K, capacity 1604K, committed 1664K, reserved 1048576K
Event: 10.061 GC heap after
Heap after GC invocations=3 (full 0):
 PSYoungGen      total 27648K, used 3559K [0x00000000f5580000, 0x00000000f8b80000, 0x0000000100000000)
  eden space 24064K, 0% used [0x00000000f5580000,0x00000000f5580000,0x00000000f6d00000)
  from space 3584K, 99% used [0x00000000f6d00000,0x00000000f7079f68,0x00000000f7080000)
  to   space 3584K, 0% used [0x00000000f8800000,0x00000000f8800000,0x00000000f8b80000)
 ParOldGen       total 62976K, used 1287K [0x00000000e0000000, 0x00000000e3d80000, 0x00000000f5580000)
  object space 62976K, 2% used [0x00000000e0000000,0x00000000e0141d78,0x00000000e3d80000)
 Metaspace       used 13009K, capacity 13124K, committed 13440K, reserved 1060864K
  class space    used 1549K, capacity 1604K, committed 1664K, reserved 1048576K
}
Event: 10.630 GC heap before
{Heap before GC invocations=4 (full 0):
 PSYoungGen      total 27648K, used 27623K [0x00000000f5580000, 0x00000000f8b80000, 0x0000000100000000)
  eden space 24064K, 100% used [0x00000000f5580000,0x00000000f6d00000,0x00000000f6d00000)
  from space 3584K, 99% used [0x00000000f6d00000,0x00000000f7079f68,0x00000000f7080000)
  to   space 3584K, 0% used [0x00000000f8800000,0x00000000f8800000,0x00000000f8b80000)
 ParOldGen       total 62976K, used 1287K [0x00000000e0000000, 0x00000000e3d80000, 0x00000000f5580000)
  object space 62976K, 2% used [0x00000000e0000000,0x00000000e0141d78,0x00000000e3d80000)
 Metaspace       used 14506K, capacity 14716K, committed 14976K, reserved 1062912K
  class space    used 1735K, capacity 1812K, committed 1920K, reserved 1048576K
Event: 10.639 GC heap after
Heap after GC invocations=4 (full 0):
 PSYoungGen      total 51712K, used 3571K [0x00000000f5580000, 0x00000000f8b80000, 0x0000000100000000)
  eden space 48128K, 0% used [0x00000000f5580000,0x00000000f5580000,0x00000000f8480000)
  from space 3584K, 99% used [0x00000000f8800000,0x00000000f8b7ccb8,0x00000000f8b80000)
  to   space 3584K, 0% used [0x00000000f8480000,0x00000000f8480000,0x00000000f8800000)
 ParOldGen       total 62976K, used 2036K [0x00000000e0000000, 0x00000000e3d80000, 0x00000000f5580000)
  object space 62976K, 3% used [0x00000000e0000000,0x00000000e01fd088,0x00000000e3d80000)
 Metaspace       used 14506K, capacity 14716K, committed 14976K, reserved 1062912K
  class space    used 1735K, capacity 1812K, committed 1920K, reserved 1048576K
}

Deoptimization events (10 events):
Event: 11.298 Thread 0x0000000015a5c000 Uncommon trap: reason=unstable_if action=reinterpret pc=0x00000000031172d0 method=java.util.regex.Pattern.newSingle(I)Ljava/util/regex/Pattern$CharProperty; @ 5
Event: 11.299 Thread 0x0000000015a5c000 Uncommon trap: reason=unstable_if action=reinterpret pc=0x00000000031d07ec method=java.util.regex.Pattern.bitsOrSingle(Ljava/util/regex/Pattern$BitClass;I)Ljava/util/regex/Pattern$CharProperty; @ 12
Event: 11.302 Thread 0x0000000015a5c000 Uncommon trap: reason=unstable_if action=reinterpret pc=0x000000000310acd4 method=java.util.regex.Pattern.bitsOrSingle(Ljava/util/regex/Pattern$BitClass;I)Ljava/util/regex/Pattern$CharProperty; @ 12
Event: 11.302 Thread 0x0000000015a5c000 Uncommon trap: reason=unstable_if action=reinterpret pc=0x00000000031bf2b4 method=java.util.regex.Pattern.group0()Ljava/util/regex/Pattern$Node; @ 27
Event: 11.302 Thread 0x0000000015a5c000 Uncommon trap: reason=unstable_if action=reinterpret pc=0x00000000031b50f8 method=java.util.regex.Pattern.createGroup(Z)Ljava/util/regex/Pattern$Node; @ 15
Event: 11.303 Thread 0x0000000015a5c000 Uncommon trap: reason=unstable_if action=reinterpret pc=0x00000000030fbc1c method=java.util.regex.Pattern$BitClass.isSatisfiedBy(I)Z @ 13
Event: 11.303 Thread 0x0000000015a5c000 Uncommon trap: reason=unstable_if action=reinterpret pc=0x0000000003087388 method=java.util.regex.Pattern$CharProperty.match(Ljava/util/regex/Matcher;ILjava/lang/CharSequence;)Z @ 40
Event: 11.303 Thread 0x0000000015a5c000 Uncommon trap: reason=unstable_if action=reinterpret pc=0x00000000030a342c method=java.util.regex.Pattern$BitClass.isSatisfiedBy(I)Z @ 13
Event: 11.304 Thread 0x0000000015a5c000 Uncommon trap: reason=unstable_if action=reinterpret pc=0x000000000313e9dc method=java.util.regex.Matcher.find()Z @ 10
Event: 11.304 Thread 0x0000000015a5c000 Uncommon trap: reason=bimorphic action=maybe_recompile pc=0x00000000030bd63c method=java.util.AbstractList$Itr.next()Ljava/lang/Object; @ 14

Classes redefined (0 events):
No events

Internal exceptions (10 events):
Event: 5.584 Thread 0x000000000299b000 Exception <a 'java/lang/ArrayIndexOutOfBoundsException': 81> (0x00000000f5abe650) thrown at [C:\re\workspace\8-2-build-windows-amd64-cygwin\jdk8u201\12322\hotspot\src\share\vm\interpreter\interpreterRuntime.cpp, line 368]
Event: 5.584 Thread 0x000000000299b000 Exception <a 'java/lang/ArrayIndexOutOfBoundsException': 23> (0x00000000f5abf608) thrown at [C:\re\workspace\8-2-build-windows-amd64-cygwin\jdk8u201\12322\hotspot\src\share\vm\interpreter\interpreterRuntime.cpp, line 368]
Event: 5.584 Thread 0x000000000299b000 Exception <a 'java/lang/ArrayIndexOutOfBoundsException': 29> (0x00000000f5ac0470) thrown at [C:\re\workspace\8-2-build-windows-amd64-cygwin\jdk8u201\12322\hotspot\src\share\vm\interpreter\interpreterRuntime.cpp, line 368]
Event: 5.585 Thread 0x000000000299b000 Exception <a 'java/lang/ArrayIndexOutOfBoundsException': 171> (0x00000000f5ac2ba0) thrown at [C:\re\workspace\8-2-build-windows-amd64-cygwin\jdk8u201\12322\hotspot\src\share\vm\interpreter\interpreterRuntime.cpp, line 368]
Event: 7.713 Thread 0x000000000299b000 Exception <a 'java/lang/NoSuchFieldError': method resolution failed> (0x00000000f6914ad8) thrown at [C:\re\workspace\8-2-build-windows-amd64-cygwin\jdk8u201\12322\hotspot\src\share\vm\prims\methodHandles.cpp, line 1167]
Event: 7.716 Thread 0x000000000299b000 Exception <a 'java/lang/NoSuchFieldError': method resolution failed> (0x00000000f6922a38) thrown at [C:\re\workspace\8-2-build-windows-amd64-cygwin\jdk8u201\12322\hotspot\src\share\vm\prims\methodHandles.cpp, line 1167]
Event: 10.528 Thread 0x0000000016f4d800 Exception <a 'java/lang/NoSuchMethodError': java.lang.Object.of(Ljava/lang/Object;)Ljava/util/stream/Stream;> (0x00000000f6744cb0) thrown at [C:\re\workspace\8-2-build-windows-amd64-cygwin\jdk8u201\12322\hotspot\src\share\vm\interpreter\linkResolver.cpp, 
Event: 10.530 Thread 0x0000000016f4d800 Exception <a 'java/lang/NoSuchMethodError': java.lang.Object.empty()Ljava/util/stream/Stream;> (0x00000000f6748db8) thrown at [C:\re\workspace\8-2-build-windows-amd64-cygwin\jdk8u201\12322\hotspot\src\share\vm\interpreter\linkResolver.cpp, line 620]
Event: 11.489 Thread 0x0000000015a5c000 Exception <a 'sun/nio/fs/WindowsException'> (0x00000000f6e3a278) thrown at [C:\re\workspace\8-2-build-windows-amd64-cygwin\jdk8u201\12322\hotspot\src\share\vm\prims\jni.cpp, line 709]
Event: 11.489 Thread 0x0000000015a5c000 Exception <a 'sun/nio/fs/WindowsException'> (0x00000000f6e3aa10) thrown at [C:\re\workspace\8-2-build-windows-amd64-cygwin\jdk8u201\12322\hotspot\src\share\vm\prims\jni.cpp, line 709]

Events (10 events):
Event: 11.585 loading class org/mockito/internal/handler/MockHandlerImpl
Event: 11.585 loading class org/mockito/internal/handler/MockHandlerImpl done
Event: 11.586 loading class org/mockito/stubbing/VoidMethodStubbable
Event: 11.586 loading class org/mockito/stubbing/VoidMethodStubbable done
Event: 11.587 loading class org/mockito/internal/progress/IOngoingStubbing
Event: 11.587 loading class org/mockito/internal/progress/IOngoingStubbing done
Event: 11.588 loading class org/mockito/invocation/InvocationOnMock
Event: 11.588 loading class org/mockito/invocation/InvocationOnMock done
Event: 11.588 loading class org/mockito/internal/invocation/MatchersBinder
Event: 11.588 loading class org/mockito/internal/invocation/MatchersBinder done


Dynamic libraries:
0x00007ff626550000 - 0x00007ff626587000 	C:\Program Files\Java\jdk1.8.0_201\bin\java.exe
0x00007fff0d850000 - 0x00007fff0da3d000 	C:\WINDOWS\SYSTEM32\ntdll.dll
0x00007fff0bcd0000 - 0x00007fff0bd83000 	C:\WINDOWS\System32\KERNEL32.DLL
0x00007fff09d00000 - 0x00007fff09f93000 	C:\WINDOWS\System32\KERNELBASE.dll
0x00007fff0abb0000 - 0x00007fff0ac53000 	C:\WINDOWS\System32\ADVAPI32.dll
0x00007fff0adc0000 - 0x00007fff0ae5e000 	C:\WINDOWS\System32\msvcrt.dll
0x00007fff0d3b0000 - 0x00007fff0d44e000 	C:\WINDOWS\System32\sechost.dll
0x00007fff0aa80000 - 0x00007fff0aba2000 	C:\WINDOWS\System32\RPCRT4.dll
0x00007fff0ba40000 - 0x00007fff0bbd7000 	C:\WINDOWS\System32\USER32.dll
0x00007fff0a9b0000 - 0x00007fff0a9d0000 	C:\WINDOWS\System32\win32u.dll
0x00007fff0ae90000 - 0x00007fff0aeb9000 	C:\WINDOWS\System32\GDI32.dll
0x00007fff0a0c0000 - 0x00007fff0a25a000 	C:\WINDOWS\System32\gdi32full.dll
0x00007fff09fa0000 - 0x00007fff0a040000 	C:\WINDOWS\System32\msvcp_win.dll
0x00007fff09920000 - 0x00007fff09a1c000 	C:\WINDOWS\System32\ucrtbase.dll
0x00007ffef8d50000 - 0x00007ffef8fc9000 	C:\WINDOWS\WinSxS\amd64_microsoft.windows.common-controls_6595b64144ccf1df_6.0.17763.316_none_05b53be2071f46b6\COMCTL32.dll
0x00007fff0b060000 - 0x00007fff0b38d000 	C:\WINDOWS\System32\combase.dll
0x00007fff09c80000 - 0x00007fff09cfe000 	C:\WINDOWS\System32\bcryptPrimitives.dll
0x00007fff0ae60000 - 0x00007fff0ae8e000 	C:\WINDOWS\System32\IMM32.DLL
0x0000000060b90000 - 0x0000000060c61000 	C:\Program Files\Java\jdk1.8.0_201\jre\bin\msvcr100.dll
0x00000000602e0000 - 0x0000000060b84000 	C:\Program Files\Java\jdk1.8.0_201\jre\bin\server\jvm.dll
0x00007fff0aec0000 - 0x00007fff0aec8000 	C:\WINDOWS\System32\PSAPI.DLL
0x00007fff01bc0000 - 0x00007fff01bc9000 	C:\WINDOWS\SYSTEM32\WSOCK32.dll
0x00007fff0bc60000 - 0x00007fff0bccd000 	C:\WINDOWS\System32\WS2_32.dll
0x00007fff07ab0000 - 0x00007fff07ad4000 	C:\WINDOWS\SYSTEM32\WINMM.dll
0x00007ffefe880000 - 0x00007ffefe88a000 	C:\WINDOWS\SYSTEM32\VERSION.dll
0x00007fff07a80000 - 0x00007fff07aad000 	C:\WINDOWS\SYSTEM32\WINMMBASE.dll
0x00007fff09c30000 - 0x00007fff09c7a000 	C:\WINDOWS\System32\cfgmgr32.dll
0x00007fff02b60000 - 0x00007fff02b6f000 	C:\Program Files\Java\jdk1.8.0_201\jre\bin\verify.dll
0x00007fff02b30000 - 0x00007fff02b59000 	C:\Program Files\Java\jdk1.8.0_201\jre\bin\java.dll
0x00007fff00eb0000 - 0x00007fff00ed3000 	C:\Program Files\Java\jdk1.8.0_201\jre\bin\instrument.dll
0x00007ffeff050000 - 0x00007ffeff066000 	C:\Program Files\Java\jdk1.8.0_201\jre\bin\zip.dll
0x00007fff0bd90000 - 0x00007fff0d27f000 	C:\WINDOWS\System32\SHELL32.dll
0x00007fff0b920000 - 0x00007fff0b9c8000 	C:\WINDOWS\System32\shcore.dll
0x00007fff0a260000 - 0x00007fff0a9aa000 	C:\WINDOWS\System32\windows.storage.dll
0x00007fff098f0000 - 0x00007fff09914000 	C:\WINDOWS\System32\profapi.dll
0x00007fff09890000 - 0x00007fff098ed000 	C:\WINDOWS\System32\powrprof.dll
0x00007fff0b390000 - 0x00007fff0b3e2000 	C:\WINDOWS\System32\shlwapi.dll
0x00007fff09870000 - 0x00007fff09881000 	C:\WINDOWS\System32\kernel.appcore.dll
0x00007fff0a040000 - 0x00007fff0a057000 	C:\WINDOWS\System32\cryptsp.dll
0x00007fff028e0000 - 0x00007fff028fa000 	C:\Program Files\JetBrains\IntelliJ IDEA Community Edition 2018.3.2\bin\breakgen64.dll
0x00007ffeff030000 - 0x00007ffeff04a000 	C:\Program Files\Java\jdk1.8.0_201\jre\bin\net.dll
0x00007ffefced0000 - 0x00007ffefd0a7000 	C:\WINDOWS\SYSTEM32\urlmon.dll
0x00007ffefd480000 - 0x00007ffefd728000 	C:\WINDOWS\SYSTEM32\iertutil.dll
0x00007fff09250000 - 0x00007fff0925c000 	C:\WINDOWS\SYSTEM32\CRYPTBASE.DLL
0x00007fff09080000 - 0x00007fff090e7000 	C:\WINDOWS\system32\mswsock.dll
0x00007fff08c40000 - 0x00007fff08c73000 	C:\WINDOWS\system32\rsaenh.dll
0x00007fff09c00000 - 0x00007fff09c26000 	C:\WINDOWS\System32\bcrypt.dll
0x00007fff09780000 - 0x00007fff097a8000 	C:\WINDOWS\SYSTEM32\USERENV.dll
0x00007fff08de0000 - 0x00007fff08e1d000 	C:\WINDOWS\SYSTEM32\IPHLPAPI.DLL
0x00007fff0b3f0000 - 0x00007fff0b3f8000 	C:\WINDOWS\System32\NSI.dll
0x00007ffeffc70000 - 0x00007ffeffc86000 	C:\WINDOWS\SYSTEM32\dhcpcsvc6.DLL
0x00007ffeffc50000 - 0x00007ffeffc6c000 	C:\WINDOWS\SYSTEM32\dhcpcsvc.DLL
0x00007fff08e20000 - 0x00007fff08ee6000 	C:\WINDOWS\SYSTEM32\DNSAPI.dll
0x00007ffeff010000 - 0x00007ffeff021000 	C:\Program Files\Java\jdk1.8.0_201\jre\bin\nio.dll

VM Arguments:
jvm_args: -ea -Xmx512m -Didea.test.cyclic.buffer.size=1048576 -javaagent:C:\Program Files\JetBrains\IntelliJ IDEA Community Edition 2018.3.2\lib\idea_rt.jar=50585:C:\Program Files\JetBrains\IntelliJ IDEA Community Edition 2018.3.2\bin -Dfile.encoding=UTF-8 
java_command: com.intellij.rt.execution.junit.JUnitStarter -ideVersion5 -junit4 Test.AcceptanceTestSuite
java_class_path (initial): C:\Program Files\JetBrains\IntelliJ IDEA Community Edition 2018.3.2\lib\idea_rt.jar;C:\Program Files\JetBrains\IntelliJ IDEA Community Edition 2018.3.2\plugins\junit\lib\junit-rt.jar;C:\Program Files\JetBrains\IntelliJ IDEA Community Edition 2018.3.2\plugins\junit\lib\junit5-rt.jar;C:\Program Files\Java\jdk1.8.0_201\jre\lib\charsets.jar;C:\Program Files\Java\jdk1.8.0_201\jre\lib\deploy.jar;C:\Program Files\Java\jdk1.8.0_201\jre\lib\ext\access-bridge-64.jar;C:\Program Files\Java\jdk1.8.0_201\jre\lib\ext\cldrdata.jar;C:\Program Files\Java\jdk1.8.0_201\jre\lib\ext\dnsns.jar;C:\Program Files\Java\jdk1.8.0_201\jre\lib\ext\jaccess.jar;C:\Program Files\Java\jdk1.8.0_201\jre\lib\ext\jfxrt.jar;C:\Program Files\Java\jdk1.8.0_201\jre\lib\ext\localedata.jar;C:\Program Files\Java\jdk1.8.0_201\jre\lib\ext\nashorn.jar;C:\Program Files\Java\jdk1.8.0_201\jre\lib\ext\sunec.jar;C:\Program Files\Java\jdk1.8.0_201\jre\lib\ext\sunjce_provider.jar;C:\Program Files\Java\jdk1.8.0_201\jre\lib\ext\sunmscapi.jar;C:\Program Files\Java\jdk1.8.0_201\jre\lib\ext\sunpkcs11.jar;C:\Program Files\Java\jdk1.8.0_201\jre\lib\ext\zipfs.jar;C:\Program Files\Java\jdk1.8.0_201\jre\lib\javaws.jar;C:\Program Files\Java\jdk1.8.0_201\jre\lib\jce.jar;C:\Program Files\Java\jdk1.8.0_201\jre\lib\jfr.jar;C:\Program Files\Java\jdk1.8.0_201\jre\lib\jfxswt.jar;C:\Program Files\Java\jdk1.8.0_201\jre\lib\jsse.jar;C:\Program Files\Java\jdk1.8.0_201\jre\lib\management-agent.jar;C:\Program Files\Java\jdk1.8.0_201\jre\lib\plugin.jar;C:\Program Files\Java\jdk1.8.0_201\jre\lib\resources.jar;C:\Program Files\Java\jdk1.8.0_201\jre\lib\rt.jar;C:\Users\Yaros\IdeaProjects\GitProject\SerenityJbehave\target\test-classes;C:\Users\Yaros\.m2\repository\net\serenity-bdd\serenity-core\1.8.3\serenity-core-1.8.3.jar;C:\Users\Yaros\.m2\repository\com\google\guava\guava\23.0\guava-23.0.jar;C:\Users\Yaros\.m2\repository\com\google\code\findbugs\jsr305\1.3.9\jsr305-1.3.9.jar;C:\Users\Yaros\.m2\repository\com\google\e
Launcher Type: SUN_STANDARD

Environment Variables:
JAVA_HOME=C:\Program Files\Java\jdk-11.0.1
PATH=C:\Program Files\JetBrains\IntelliJ IDEA Community Edition 2018.3.2\plugins\maven\lib\maven3\bin;C:\Program Files\TortoiseSVN\bin;C:\Users\Yaros\AppData\Local\Microsoft\WindowsApps;
USERNAME=Yaros
OS=Windows_NT
PROCESSOR_IDENTIFIER=Intel64 Family 6 Model 69 Stepping 1, GenuineIntel



---------------  S Y S T E M  ---------------

OS: Windows 10.0 , 64 bit Build 17763 (10.0.17763.292)

CPU:total 4 (initial active 4) (2 cores per cpu, 2 threads per core) family 6 model 69 stepping 1, cmov, cx8, fxsr, mmx, sse, sse2, sse3, ssse3, sse4.1, sse4.2, popcnt, avx, avx2, aes, clmul, erms, lzcnt, ht, tsc, tscinvbit, bmi1, bmi2

Memory: 4k page, physical 5939480k(618412k free), swap 5939480k(4108k free)

vm_info: Java HotSpot(TM) 64-Bit Server VM (25.201-b09) for windows-amd64 JRE (1.8.0_201-b09), built on Dec 15 2018 18:36:39 by "java_re" with MS VC++ 10.0 (VS2010)

time: Mon Feb 25 14:36:13 2019
timezone: FLE Standard Time
elapsed time: 11 seconds (0d 0h 0m 11s)

