#
# There is insufficient memory for the Java Runtime Environment to continue.
# Native memory allocation (malloc) failed to allocate 975696 bytes for Chunk::new
# Possible reasons:
#   The system is out of physical RAM or swap space
#   The process is running with CompressedOops enabled, and the Java Heap may be blocking the growth of the native heap
# Possible solutions:
#   Reduce memory load on the system
#   Increase physical memory or swap space
#   Check if swap backing store is full
#   Decrease Java heap size (-Xmx/-Xms)
#   Decrease number of Java threads
#   Decrease Java thread stack sizes (-Xss)
#   Set larger code cache with -XX:ReservedCodeCacheSize=
#   JVM is running with Unscaled Compressed Oops mode in which the Java heap is
#     placed in the first 4GB address space. The Java Heap base address is the
#     maximum limit for the native heap growth. Please use -XX:HeapBaseMinAddress
#     to set the Java Heap base and to place the Java Heap above 4GB virtual address.
# This output file may be truncated or incomplete.
#
#  Out of Memory Error (allocation.cpp:390), pid=12568, tid=0x0000000000000a84
#
# JRE version: Java(TM) SE Runtime Environment (8.0_201-b09) (build 1.8.0_201-b09)
# Java VM: Java HotSpot(TM) 64-Bit Server VM (25.201-b09 mixed mode windows-amd64 compressed oops)
# Failed to write core dump. Minidumps are not enabled by default on client versions of Windows
#

---------------  T H R E A D  ---------------

Current thread (0x000000001439f000):  JavaThread "C2 CompilerThread0" daemon [_thread_in_native, id=2692, stack(0x0000000015ef0000,0x0000000015ff0000)]

Stack: [0x0000000015ef0000,0x0000000015ff0000]
[error occurred during error reporting (printing stack bounds), id 0xc0000005]

Native frames: (J=compiled Java code, j=interpreted, Vv=VM code, C=native code)


Current CompileTask:
C2:   1867  349       4       java.io.WinNTFileSystem::normalize (143 bytes)


---------------  P R O C E S S  ---------------

Java Threads: ( => current thread )
  0x0000000015a86800 JavaThread "Service Thread" daemon [_thread_blocked, id=13156, stack(0x00000000161f0000,0x00000000162f0000)]
  0x00000000143ac000 JavaThread "C1 CompilerThread2" daemon [_thread_blocked, id=12660, stack(0x00000000160f0000,0x00000000161f0000)]
  0x00000000143a1800 JavaThread "C2 CompilerThread1" daemon [_thread_blocked, id=6368, stack(0x0000000015ff0000,0x00000000160f0000)]
=>0x000000001439f000 JavaThread "C2 CompilerThread0" daemon [_thread_in_native, id=2692, stack(0x0000000015ef0000,0x0000000015ff0000)]
  0x0000000014391800 JavaThread "Monitor Ctrl-Break" daemon [_thread_in_native, id=6304, stack(0x0000000015df0000,0x0000000015ef0000)]
  0x0000000014382000 JavaThread "Attach Listener" daemon [_thread_blocked, id=12400, stack(0x00000000158f0000,0x00000000159f0000)]
  0x0000000014380800 JavaThread "Signal Dispatcher" daemon [_thread_blocked, id=13028, stack(0x00000000157f0000,0x00000000158f0000)]
  0x000000001435f800 JavaThread "Finalizer" daemon [_thread_blocked, id=8576, stack(0x00000000155f0000,0x00000000156f0000)]
  0x0000000014358800 JavaThread "Reference Handler" daemon [_thread_blocked, id=13052, stack(0x00000000154f0000,0x00000000155f0000)]
  0x0000000002d0b000 JavaThread "main" [_thread_in_Java, id=12596, stack(0x0000000002b80000,0x0000000002c80000)]

Other Threads:
  0x0000000014337000 VMThread [stack: 0x00000000153f0000,0x00000000154f0000] [id=6796]
  0x0000000015ae3800 WatcherThread [stack: 0x00000000162f0000,0x00000000163f0000] [id=10632]

VM state:not at safepoint (normal execution)

VM Mutex/Monitor currently owned by a thread:  ([mutex/lock_event])
[0x0000000002d027e0] MethodData_lock - owner thread: 0x0000000000000000

heap address: 0x00000000e0000000, size: 512 MB, Compressed Oops mode: 32-bit
Narrow klass base: 0x0000000000000000, Narrow klass shift: 3
Compressed class space size: 1073741824 Address: 0x0000000100000000

Heap:
 PSYoungGen      total 27648K, used 19109K [0x00000000f5580000, 0x00000000f7400000, 0x0000000100000000)
  eden space 24064K, 79% used [0x00000000f5580000,0x00000000f6829450,0x00000000f6d00000)
  from space 3584K, 0% used [0x00000000f7080000,0x00000000f7080000,0x00000000f7400000)
  to   space 3584K, 0% used [0x00000000f6d00000,0x00000000f6d00000,0x00000000f7080000)
 ParOldGen       total 62976K, used 0K [0x00000000e0000000, 0x00000000e3d80000, 0x00000000f5580000)
  object space 62976K, 0% used [0x00000000e0000000,0x00000000e0000000,0x00000000e3d80000)
 Metaspace       used 5774K, capacity 5888K, committed 6144K, reserved 1056768K
  class space    used 655K, capacity 688K, committed 768K, reserved 1048576K

Card table byte_map: [0x00000000123c0000,0x00000000124d0000] byte_map_base: 0x0000000011cc0000

Marking Bits: (ParMarkBitMap*) 0x0000000060b24ce0
 Begin Bits: [0x00000000128d0000, 0x00000000130d0000)
 End Bits:   [0x00000000130d0000, 0x00000000138d0000)

Polling page: 0x00000000009c0000

CodeCache: size=245760Kb used=2239Kb max_used=2242Kb free=243520Kb
 bounds [0x0000000003000000, 0x0000000003270000, 0x0000000012000000]
 total_blobs=695 nmethods=413 adapters=195
 compilation: enabled

Compilation events (10 events):
Event: 1.847 Thread 0x00000000143ac000 nmethod 407 0x000000000322cfd0 code [0x000000000322d180, 0x000000000322d898]
Event: 1.847 Thread 0x00000000143ac000  408   !   3       java.util.zip.Inflater::reset (69 bytes)
Event: 1.848 Thread 0x00000000143ac000 nmethod 408 0x0000000003230cd0 code [0x0000000003230e60, 0x00000000032312b8]
Event: 1.848 Thread 0x00000000143a1800 nmethod 405 0x0000000003231490 code [0x00000000032315e0, 0x0000000003231ad8]
Event: 1.854 Thread 0x00000000143ac000  410       3       java.util.ArrayDeque::add (7 bytes)
Event: 1.854 Thread 0x00000000143ac000 nmethod 410 0x0000000003230590 code [0x0000000003230700, 0x00000000032308a8]
Event: 1.854 Thread 0x00000000143ac000  411       3       java.util.ArrayDeque::addLast (53 bytes)
Event: 1.854 Thread 0x00000000143ac000 nmethod 411 0x000000000322fe50 code [0x000000000322ffe0, 0x00000000032303f8]
Event: 1.858 Thread 0x00000000143ac000  412       3       java.lang.String::substring (56 bytes)
Event: 1.858 Thread 0x00000000143ac000 nmethod 412 0x000000000322f790 code [0x000000000322f920, 0x000000000322fcc8]

GC Heap History (0 events):
No events

Deoptimization events (1 events):
Event: 1.726 Thread 0x0000000002d0b000 Uncommon trap: reason=unstable_if action=reinterpret pc=0x00000000031f5938 method=java.lang.String.indexOf([CII[CIII)I @ 3

Classes redefined (0 events):
No events

Internal exceptions (10 events):
Event: 1.271 Thread 0x0000000002d0b000 Exception <a 'java/security/PrivilegedActionException'> (0x00000000f5a9ddc0) thrown at [C:\re\workspace\8-2-build-windows-amd64-cygwin\jdk8u201\12322\hotspot\src\share\vm\prims\jvm.cpp, line 1502]
Event: 1.292 Thread 0x0000000002d0b000 Exception <a 'java/security/PrivilegedActionException'> (0x00000000f5ae5458) thrown at [C:\re\workspace\8-2-build-windows-amd64-cygwin\jdk8u201\12322\hotspot\src\share\vm\prims\jvm.cpp, line 1502]
Event: 1.292 Thread 0x0000000002d0b000 Exception <a 'java/security/PrivilegedActionException'> (0x00000000f5ae5668) thrown at [C:\re\workspace\8-2-build-windows-amd64-cygwin\jdk8u201\12322\hotspot\src\share\vm\prims\jvm.cpp, line 1502]
Event: 1.292 Thread 0x0000000002d0b000 Exception <a 'java/security/PrivilegedActionException'> (0x00000000f5ae6590) thrown at [C:\re\workspace\8-2-build-windows-amd64-cygwin\jdk8u201\12322\hotspot\src\share\vm\prims\jvm.cpp, line 1502]
Event: 1.292 Thread 0x0000000002d0b000 Exception <a 'java/security/PrivilegedActionException'> (0x00000000f5ae67a0) thrown at [C:\re\workspace\8-2-build-windows-amd64-cygwin\jdk8u201\12322\hotspot\src\share\vm\prims\jvm.cpp, line 1502]
Event: 1.292 Thread 0x0000000002d0b000 Exception <a 'java/security/PrivilegedActionException'> (0x00000000f5ae7708) thrown at [C:\re\workspace\8-2-build-windows-amd64-cygwin\jdk8u201\12322\hotspot\src\share\vm\prims\jvm.cpp, line 1502]
Event: 1.292 Thread 0x0000000002d0b000 Exception <a 'java/security/PrivilegedActionException'> (0x00000000f5ae7918) thrown at [C:\re\workspace\8-2-build-windows-amd64-cygwin\jdk8u201\12322\hotspot\src\share\vm\prims\jvm.cpp, line 1502]
Event: 1.294 Thread 0x0000000002d0b000 Exception <a 'java/security/PrivilegedActionException'> (0x00000000f5aef190) thrown at [C:\re\workspace\8-2-build-windows-amd64-cygwin\jdk8u201\12322\hotspot\src\share\vm\prims\jvm.cpp, line 1502]
Event: 1.294 Thread 0x0000000002d0b000 Exception <a 'java/security/PrivilegedActionException'> (0x00000000f5aef3a0) thrown at [C:\re\workspace\8-2-build-windows-amd64-cygwin\jdk8u201\12322\hotspot\src\share\vm\prims\jvm.cpp, line 1502]
Event: 1.413 Thread 0x0000000002d0b000 Exception <a 'java/io/FileNotFoundException'> (0x00000000f5c245d8) thrown at [C:\re\workspace\8-2-build-windows-amd64-cygwin\jdk8u201\12322\hotspot\src\share\vm\prims\jni.cpp, line 709]

Events (10 events):
Event: 1.861 loading class com/google/common/cache/LocalCache$2
Event: 1.861 loading class com/google/common/cache/LocalCache$2 done
Event: 1.862 loading class com/google/common/base/MoreObjects
Event: 1.862 loading class com/google/common/base/MoreObjects done
Event: 1.863 loading class com/google/common/base/Equivalence
Event: 1.863 loading class com/google/common/base/Equivalence done
Event: 1.864 loading class java/util/function/BiPredicate
Event: 1.865 loading class java/util/function/BiPredicate done
Event: 1.865 loading class com/google/common/base/Equivalence$Equals
Event: 1.865 loading class com/google/common/base/Equivalence$Equals done


Dynamic libraries:
0x00007ff626550000 - 0x00007ff626587000 	C:\Program Files\Java\jdk1.8.0_201\bin\java.exe
0x00007fff0d850000 - 0x00007fff0da3d000 	C:\WINDOWS\SYSTEM32\ntdll.dll
0x00007fff0bcd0000 - 0x00007fff0bd83000 	C:\WINDOWS\System32\KERNEL32.DLL
0x00007fff09d00000 - 0x00007fff09f93000 	C:\WINDOWS\System32\KERNELBASE.dll
0x00007fff0abb0000 - 0x00007fff0ac53000 	C:\WINDOWS\System32\ADVAPI32.dll
0x00007fff0adc0000 - 0x00007fff0ae5e000 	C:\WINDOWS\System32\msvcrt.dll
0x00007fff0d3b0000 - 0x00007fff0d44e000 	C:\WINDOWS\System32\sechost.dll
0x00007fff0aa80000 - 0x00007fff0aba2000 	C:\WINDOWS\System32\RPCRT4.dll
0x00007fff0ba40000 - 0x00007fff0bbd7000 	C:\WINDOWS\System32\USER32.dll
0x00007fff0a9b0000 - 0x00007fff0a9d0000 	C:\WINDOWS\System32\win32u.dll
0x00007fff0ae90000 - 0x00007fff0aeb9000 	C:\WINDOWS\System32\GDI32.dll
0x00007fff0a0c0000 - 0x00007fff0a25a000 	C:\WINDOWS\System32\gdi32full.dll
0x00007fff09fa0000 - 0x00007fff0a040000 	C:\WINDOWS\System32\msvcp_win.dll
0x00007fff09920000 - 0x00007fff09a1c000 	C:\WINDOWS\System32\ucrtbase.dll
0x00007ffef8d50000 - 0x00007ffef8fc9000 	C:\WINDOWS\WinSxS\amd64_microsoft.windows.common-controls_6595b64144ccf1df_6.0.17763.316_none_05b53be2071f46b6\COMCTL32.dll
0x00007fff0b060000 - 0x00007fff0b38d000 	C:\WINDOWS\System32\combase.dll
0x00007fff09c80000 - 0x00007fff09cfe000 	C:\WINDOWS\System32\bcryptPrimitives.dll
0x00007fff0ae60000 - 0x00007fff0ae8e000 	C:\WINDOWS\System32\IMM32.DLL
0x0000000060bb0000 - 0x0000000060c81000 	C:\Program Files\Java\jdk1.8.0_201\jre\bin\msvcr100.dll
0x0000000060300000 - 0x0000000060ba4000 	C:\Program Files\Java\jdk1.8.0_201\jre\bin\server\jvm.dll
0x00007fff0aec0000 - 0x00007fff0aec8000 	C:\WINDOWS\System32\PSAPI.DLL
0x00007fff07ab0000 - 0x00007fff07ad4000 	C:\WINDOWS\SYSTEM32\WINMM.dll
0x00007fff01bc0000 - 0x00007fff01bc9000 	C:\WINDOWS\SYSTEM32\WSOCK32.dll
0x00007ffefe880000 - 0x00007ffefe88a000 	C:\WINDOWS\SYSTEM32\VERSION.dll
0x00007fff0bc60000 - 0x00007fff0bccd000 	C:\WINDOWS\System32\WS2_32.dll
0x00007fff07a80000 - 0x00007fff07aad000 	C:\WINDOWS\SYSTEM32\WINMMBASE.dll
0x00007fff09c30000 - 0x00007fff09c7a000 	C:\WINDOWS\System32\cfgmgr32.dll
0x00007fff04c70000 - 0x00007fff04c7f000 	C:\Program Files\Java\jdk1.8.0_201\jre\bin\verify.dll
0x00007ffeee8b0000 - 0x00007ffeee8d9000 	C:\Program Files\Java\jdk1.8.0_201\jre\bin\java.dll
0x00007fff02a40000 - 0x00007fff02a63000 	C:\Program Files\Java\jdk1.8.0_201\jre\bin\instrument.dll
0x00007fff006e0000 - 0x00007fff006f6000 	C:\Program Files\Java\jdk1.8.0_201\jre\bin\zip.dll
0x00007fff0bd90000 - 0x00007fff0d27f000 	C:\WINDOWS\System32\SHELL32.dll
0x00007fff0b920000 - 0x00007fff0b9c8000 	C:\WINDOWS\System32\shcore.dll
0x00007fff0a260000 - 0x00007fff0a9aa000 	C:\WINDOWS\System32\windows.storage.dll
0x00007fff098f0000 - 0x00007fff09914000 	C:\WINDOWS\System32\profapi.dll
0x00007fff09890000 - 0x00007fff098ed000 	C:\WINDOWS\System32\powrprof.dll
0x00007fff0b390000 - 0x00007fff0b3e2000 	C:\WINDOWS\System32\shlwapi.dll
0x00007fff09870000 - 0x00007fff09881000 	C:\WINDOWS\System32\kernel.appcore.dll
0x00007fff0a040000 - 0x00007fff0a057000 	C:\WINDOWS\System32\cryptsp.dll
0x00007fff02a20000 - 0x00007fff02a3a000 	C:\Program Files\JetBrains\IntelliJ IDEA Community Edition 2018.3.2\bin\breakgen64.dll
0x00007ffeee890000 - 0x00007ffeee8aa000 	C:\Program Files\Java\jdk1.8.0_201\jre\bin\net.dll
0x00007ffefced0000 - 0x00007ffefd0a7000 	C:\WINDOWS\SYSTEM32\urlmon.dll
0x00007ffefd480000 - 0x00007ffefd728000 	C:\WINDOWS\SYSTEM32\iertutil.dll
0x00007fff09250000 - 0x00007fff0925c000 	C:\WINDOWS\SYSTEM32\CRYPTBASE.DLL
0x00007fff09080000 - 0x00007fff090e7000 	C:\WINDOWS\system32\mswsock.dll

VM Arguments:
jvm_args: -ea -Xmx512m -Didea.test.cyclic.buffer.size=1048576 -javaagent:C:\Program Files\JetBrains\IntelliJ IDEA Community Edition 2018.3.2\lib\idea_rt.jar=50467:C:\Program Files\JetBrains\IntelliJ IDEA Community Edition 2018.3.2\bin -Dfile.encoding=UTF-8 
java_command: com.intellij.rt.execution.junit.JUnitStarter -ideVersion5 -junit4 Test.AcceptanceTestSuite
java_class_path (initial): C:\Program Files\JetBrains\IntelliJ IDEA Community Edition 2018.3.2\lib\idea_rt.jar;C:\Program Files\JetBrains\IntelliJ IDEA Community Edition 2018.3.2\plugins\junit\lib\junit-rt.jar;C:\Program Files\JetBrains\IntelliJ IDEA Community Edition 2018.3.2\plugins\junit\lib\junit5-rt.jar;C:\Program Files\Java\jdk1.8.0_201\jre\lib\charsets.jar;C:\Program Files\Java\jdk1.8.0_201\jre\lib\deploy.jar;C:\Program Files\Java\jdk1.8.0_201\jre\lib\ext\access-bridge-64.jar;C:\Program Files\Java\jdk1.8.0_201\jre\lib\ext\cldrdata.jar;C:\Program Files\Java\jdk1.8.0_201\jre\lib\ext\dnsns.jar;C:\Program Files\Java\jdk1.8.0_201\jre\lib\ext\jaccess.jar;C:\Program Files\Java\jdk1.8.0_201\jre\lib\ext\jfxrt.jar;C:\Program Files\Java\jdk1.8.0_201\jre\lib\ext\localedata.jar;C:\Program Files\Java\jdk1.8.0_201\jre\lib\ext\nashorn.jar;C:\Program Files\Java\jdk1.8.0_201\jre\lib\ext\sunec.jar;C:\Program Files\Java\jdk1.8.0_201\jre\lib\ext\sunjce_provider.jar;C:\Program Files\Java\jdk1.8.0_201\jre\lib\ext\sunmscapi.jar;C:\Program Files\Java\jdk1.8.0_201\jre\lib\ext\sunpkcs11.jar;C:\Program Files\Java\jdk1.8.0_201\jre\lib\ext\zipfs.jar;C:\Program Files\Java\jdk1.8.0_201\jre\lib\javaws.jar;C:\Program Files\Java\jdk1.8.0_201\jre\lib\jce.jar;C:\Program Files\Java\jdk1.8.0_201\jre\lib\jfr.jar;C:\Program Files\Java\jdk1.8.0_201\jre\lib\jfxswt.jar;C:\Program Files\Java\jdk1.8.0_201\jre\lib\jsse.jar;C:\Program Files\Java\jdk1.8.0_201\jre\lib\management-agent.jar;C:\Program Files\Java\jdk1.8.0_201\jre\lib\plugin.jar;C:\Program Files\Java\jdk1.8.0_201\jre\lib\resources.jar;C:\Program Files\Java\jdk1.8.0_201\jre\lib\rt.jar;C:\Users\Yaros\IdeaProjects\GitProject\SerenityJbehave\target\test-classes;C:\Users\Yaros\.m2\repository\net\serenity-bdd\serenity-core\1.8.3\serenity-core-1.8.3.jar;C:\Users\Yaros\.m2\repository\com\google\guava\guava\23.0\guava-23.0.jar;C:\Users\Yaros\.m2\repository\com\google\code\findbugs\jsr305\1.3.9\jsr305-1.3.9.jar;C:\Users\Yaros\.m2\repository\com\google\e
Launcher Type: SUN_STANDARD

Environment Variables:
JAVA_HOME=C:\Program Files\Java\jdk-11.0.1
PATH=C:\Program Files\JetBrains\IntelliJ IDEA Community Edition 2018.3.2\plugins\maven\lib\maven3\bin;C:\Program Files\TortoiseSVN\bin;C:\Users\Yaros\AppData\Local\Microsoft\WindowsApps;
USERNAME=Yaros
OS=Windows_NT
PROCESSOR_IDENTIFIER=Intel64 Family 6 Model 69 Stepping 1, GenuineIntel



---------------  S Y S T E M  ---------------

OS: Windows 10.0 , 64 bit Build 17763 (10.0.17763.292)

CPU:total 4 (initial active 4) (2 cores per cpu, 2 threads per core) family 6 model 69 stepping 1, cmov, cx8, fxsr, mmx, sse, sse2, sse3, ssse3, sse4.1, sse4.2, popcnt, avx, avx2, aes, clmul, erms, lzcnt, ht, tsc, tscinvbit, bmi1, bmi2

Memory: 4k page, physical 5939480k(667392k free), swap 5939480k(3692k free)

vm_info: Java HotSpot(TM) 64-Bit Server VM (25.201-b09) for windows-amd64 JRE (1.8.0_201-b09), built on Dec 15 2018 18:36:39 by "java_re" with MS VC++ 10.0 (VS2010)

time: Mon Feb 25 14:29:50 2019
timezone: FLE Standard Time
elapsed time: 1 seconds (0d 0h 0m 1s)

